000 (149109.000.000) 04/24 17:33:40 Job submitted from host: <192.168.100.50:46103>
...
001 (149109.000.000) 04/24 17:33:41 Job executing on host: <192.168.100.52:51948>
...
007 (149109.000.000) 04/24 17:33:41 Shadow exception!
	Error from slot1@patas-n2.ling.washington.edu: Failed to execute '/home2/roylance/compling_573_nlpsystems_washington/./src/./src/run.sh' with arguments arg1 arg2 arg3: (errno=2: 'No such file or directory')
	0  -  Run Bytes Sent By Job
	0  -  Run Bytes Received By Job
...
012 (149109.000.000) 04/24 17:33:41 Job was held.
	Error from slot1@patas-n2.ling.washington.edu: Failed to execute '/home2/roylance/compling_573_nlpsystems_washington/./src/./src/run.sh' with arguments arg1 arg2 arg3: (errno=2: 'No such file or directory')
	Code 6 Subcode 2
...
000 (149110.000.000) 04/24 17:34:13 Job submitted from host: <192.168.100.50:46103>
...
001 (149110.000.000) 04/24 17:34:31 Job executing on host: <192.168.100.52:51948>
...
007 (149110.000.000) 04/24 17:34:31 Shadow exception!
	Error from slot1@patas-n2.ling.washington.edu: Failed to execute '/home2/roylance/compling_573_nlpsystems_washington/./src/./src/run.sh' with arguments arg1 arg2 arg3: (errno=2: 'No such file or directory')
	0  -  Run Bytes Sent By Job
	0  -  Run Bytes Received By Job
...
012 (149110.000.000) 04/24 17:34:31 Job was held.
	Error from slot1@patas-n2.ling.washington.edu: Failed to execute '/home2/roylance/compling_573_nlpsystems_washington/./src/./src/run.sh' with arguments arg1 arg2 arg3: (errno=2: 'No such file or directory')
	Code 6 Subcode 2
...
000 (149111.000.000) 04/24 17:54:07 Job submitted from host: <192.168.100.50:46103>
...
001 (149111.000.000) 04/24 17:54:25 Job executing on host: <192.168.100.52:51948>
...
006 (149111.000.000) 04/24 17:54:27 Image size of job updated: 1
	0  -  MemoryUsage of job (MB)
	0  -  ResidentSetSize of job (KB)
...
005 (149111.000.000) 04/24 17:54:27 Job terminated.
	(1) Normal termination (return value 1)
		Usr 0 00:00:00, Sys 0 00:00:00  -  Run Remote Usage
		Usr 0 00:00:00, Sys 0 00:00:00  -  Run Local Usage
		Usr 0 00:00:00, Sys 0 00:00:00  -  Total Remote Usage
		Usr 0 00:00:00, Sys 0 00:00:00  -  Total Local Usage
	0  -  Run Bytes Sent By Job
	0  -  Run Bytes Received By Job
	0  -  Total Bytes Sent By Job
	0  -  Total Bytes Received By Job
	Partitionable Resources :    Usage  Request          
	   Cpus                 :                 1          
	   Disk (KB)            :        1        1          
	   Memory (MB)          :        0     2048          
...
009 (149109.000.000) 04/24 18:01:05 Job was aborted by the user.
	via condor_rm (by user roylance)
...
009 (149110.000.000) 04/24 18:02:01 Job was aborted by the user.
	via condor_rm (by user roylance)
...
